<?xml version="1.0" encoding="UTF-8"?>
<!-- Generated by org.testng.reporters.JUnitReportReporter -->
<testsuite skipped="0" hostname="YP1007518DT" name="test.Annot2" tests="1" failures="0" timestamp="30 Nov 2018 14:11:22 GMT" time="0.011" errors="0">
  <testcase name="Login" time="0.011" classname="test.Annot2"/>
</testsuite> <!-- test.Annot2 -->
