<?xml version="1.0" encoding="UTF-8"?>
<!-- Generated by org.testng.reporters.JUnitReportReporter -->
<testsuite skipped="0" hostname="YP1007518DT" name="test.day4" tests="3" failures="0" timestamp="28 Nov 2018 13:38:34 GMT" time="0.011" errors="0">
  <testcase name="LoginApihomeLoan" time="0.001" classname="test.day4"/>
  <testcase name="MobileLoginhomeLoan" time="0.001" classname="test.day4"/>
  <testcase name="webloginhomeLoan" time="0.009" classname="test.day4"/>
</testsuite> <!-- test.day4 -->
