<?xml version="1.0" encoding="UTF-8"?>
<!-- Generated by org.testng.reporters.JUnitReportReporter -->
<testsuite skipped="0" hostname="YP1007518DT" name="test.day2" tests="1" failures="0" timestamp="28 Nov 2018 13:38:34 GMT" time="0.001" errors="0">
  <testcase name="ploan" time="0.001" classname="test.day2"/>
</testsuite> <!-- test.day2 -->
