<?xml version="1.0" encoding="UTF-8"?>
<!-- Generated by org.testng.reporters.JUnitReportReporter -->
<testsuite skipped="0" hostname="YP1007518DT" name="test.day3" tests="3" failures="0" timestamp="28 Nov 2018 13:38:34 GMT" time="0.003" errors="0">
  <testcase name="MobileLogincarLoan" time="0.001" classname="test.day3"/>
  <testcase name="weblogincarLoan" time="0.001" classname="test.day3"/>
  <testcase name="LoginApicarLoan" time="0.001" classname="test.day3"/>
</testsuite> <!-- test.day3 -->
